<?xml version="1.0" encoding="UTF-8"?>
<!-- Generated by org.testng.reporters.JUnitReportReporter -->
<testsuite hostname="LAPTOP-9KV9NUUF" failures="0" tests="1" name="TestCases.QALegendTestCases" time="10.461" errors="0" timestamp="2024-02-03T00:45:08 IST" skipped="0">
  <testcase classname="TestCases.QALegendTestCases" name="loginCRM" time="10.461"/>
</testsuite> <!-- TestCases.QALegendTestCases -->
